Product projects
---------------------------------------
C:\Sonarqube Codebase\MPIBPM_DEV\slnMPIPHP\MPIPHPCommon\MPIPHPCommon.csproj
C:\Sonarqube Codebase\MPIBPM_DEV\slnMPIPHP\MPIPHPInterface\MPIPHPInterface.csproj
C:\Sonarqube Codebase\MPIBPM_DEV\slnMPIPHP\MPIPHPBusinessObjects\MPIPHPBusinessObjects.csproj
C:\Sonarqube Codebase\MPIBPM_DEV\slnMPIPHP\MPIPHPBusinessTier\MPIPHPBusinessTier.csproj
C:\Sonarqube Codebase\MPIBPM_DEV\slnMPIPHP\MPIPHPBatchService\MPIPHPJobService.csproj
C:\Sonarqube Codebase\MPIBPM_DEV\slnMPIPHP\Encryption\Encryption\Encryption.csproj
C:\Sonarqube Codebase\MPIBPM_DEV\slnMPIPHP\EncryptionClassLibrary\EncryptionDecryptionClassLibrary.csproj
C:\Sonarqube Codebase\MPIBPM_DEV\slnMPIPHP\NeoSpinMVVM\NeoSpinMVVM.csproj
C:\Sonarqube Codebase\MPIBPM_DEV\slnMPIPHP\NeoSpinBPMEngine\NeoSpinBPMEngine.csproj


Test projects
---------------------------------------


Invalid projects
---------------------------------------
{none}


Skipped projects
---------------------------------------
{none}


Excluded projects
---------------------------------------
{none}


